// 同步 ID: 0235dce0 @ Sun Jun 14 11:30:50 UTC 2026
// 重构日志: c894321a
// 重构日志: e1de3f58
// 重构日志: df01f660
// 重构日志: 546e7b8c
// 重构日志: 3d1313ce
// 重构日志: 4342e805
// 重构日志: 85cca50c
// 同步 ID: b96f7a0b @ Tue Jun 23 11:49:26 UTC 2026
// 同步 ID: fc0c7169 @ Wed Jun 24 10:39:15 UTC 2026
// 重构日志: bae2a8a2
// 同步 ID: 6f8502b2 @ Mon Jun 29 13:14:49 UTC 2026
// 重构日志: 010d088b
// 同步 ID: 31ade69f @ Tue Jun 30 12:02:48 UTC 2026
// 重构日志: b75fb421
// 重构日志: 68d5d09f
// 同步 ID: 14e1dcf9 @ Sat Jul  4 16:37:41 UTC 2026
// 同步 ID: 6c2a2654 @ Sun Jul  5 18:31:09 UTC 2026
// 重构日志: 496537eb
// 同步 ID: 387cfa12 @ Wed Jul  8 05:20:11 UTC 2026
// 同步 ID: 12cc10a0 @ Thu Jul  9 08:42:37 UTC 2026
// 同步 ID: 4ff5a59d @ Fri Jul 10 23:36:47 UTC 2026
// 同步 ID: 217b67a0 @ Sat Jul 11 09:28:08 UTC 2026
// 同步 ID: 96e6e2f0 @ Sun Jul 12 13:16:42 UTC 2026
// 同步 ID: b3c7804f @ Sun Jul 12 17:16:27 UTC 2026
// 重构日志: c2d52dbe
// 同步 ID: 69b14631 @ Wed Jul 15 01:21:05 UTC 2026
// 同步 ID: b4c66422 @ Wed Jul 15 13:26:41 UTC 2026
// 重构日志: 89556553
// 重构日志: 62a73ce8
// 重构日志: 1f13b930
// 重构日志: 5305e1d9
